<?xml version="1.0" encoding="UTF-8" standalone="yes"?><!DOCTYPE report PUBLIC "-//JACOCO//DTD Report 1.1//EN" "report.dtd"><report name="junixsocket-darwin"><sessioninfo id="retsina.local-4a9295b7" start="1691150375798" dump="1691150375982"/><sessioninfo id="retsina.local-c5d28b58" start="1691150376094" dump="1691150376414"/><sessioninfo id="retsina.local-5c17886a" start="1691150376529" dump="1691150376733"/><package name="org/newsclub/net/unix/darwin/system"><class name="org/newsclub/net/unix/darwin/system/WellKnownKernelControlNames" sourcefilename="WellKnownKernelControlNames.java"><method name="&lt;init&gt;" desc="(Ljava/lang/String;ILjava/lang/String;)V" line="174"><counter type="INSTRUCTION" missed="0" covered="8"/><counter type="LINE" missed="0" covered="3"/><counter type="COMPLEXITY" missed="0" covered="1"/><counter type="METHOD" missed="0" covered="1"/></method><method name="getControlName" desc="()Ljava/lang/String;" line="184"><counter type="INSTRUCTION" missed="0" covered="3"/><counter type="LINE" missed="0" covered="1"/><counter type="COMPLEXITY" missed="0" covered="1"/><counter type="METHOD" missed="0" covered="1"/></method><method name="&lt;clinit&gt;" desc="()V" line="33"><counter type="INSTRUCTION" missed="0" covered="164"/><counter type="LINE" missed="0" covered="24"/><counter type="COMPLEXITY" missed="0" covered="1"/><counter type="METHOD" missed="0" covered="1"/></method><counter type="INSTRUCTION" missed="0" covered="175"/><counter type="LINE" missed="0" covered="28"/><counter type="COMPLEXITY" missed="0" covered="3"/><counter type="METHOD" missed="0" covered="3"/><counter type="CLASS" missed="0" covered="1"/></class><class name="org/newsclub/net/unix/darwin/system/AFSYSTEMSelectorProvider$1" sourcefilename="AFSYSTEMSelectorProvider.java"><method name="&lt;init&gt;" desc="()V" line="49"><counter type="INSTRUCTION" missed="0" covered="3"/><counter type="LINE" missed="0" covered="1"/><counter type="COMPLEXITY" missed="0" covered="1"/><counter type="METHOD" missed="0" covered="1"/></method><method name="socketClass" desc="()Ljava/lang/Class;" line="53"><counter type="INSTRUCTION" missed="0" covered="2"/><counter type="LINE" missed="0" covered="1"/><counter type="COMPLEXITY" missed="0" covered="1"/><counter type="METHOD" missed="0" covered="1"/></method><method name="socketConstructor" desc="()Lorg/newsclub/net/unix/AFSocket$Constructor;" line="58"><counter type="INSTRUCTION" missed="0" covered="2"/><counter type="LINE" missed="0" covered="1"/><counter type="COMPLEXITY" missed="0" covered="1"/><counter type="METHOD" missed="0" covered="1"/></method><method name="serverSocketClass" desc="()Ljava/lang/Class;" line="63"><counter type="INSTRUCTION" missed="0" covered="2"/><counter type="LINE" missed="0" covered="1"/><counter type="COMPLEXITY" missed="0" covered="1"/><counter type="METHOD" missed="0" covered="1"/></method><method name="serverSocketConstructor" desc="()Lorg/newsclub/net/unix/AFServerSocket$Constructor;" line="68"><counter type="INSTRUCTION" missed="0" covered="2"/><counter type="LINE" missed="0" covered="1"/><counter type="COMPLEXITY" missed="0" covered="1"/><counter type="METHOD" missed="0" covered="1"/></method><method name="socketChannelClass" desc="()Ljava/lang/Class;" line="73"><counter type="INSTRUCTION" missed="0" covered="2"/><counter type="LINE" missed="0" covered="1"/><counter type="COMPLEXITY" missed="0" covered="1"/><counter type="METHOD" missed="0" covered="1"/></method><method name="serverSocketChannelClass" desc="()Ljava/lang/Class;" line="78"><counter type="INSTRUCTION" missed="0" covered="2"/><counter type="LINE" missed="0" covered="1"/><counter type="COMPLEXITY" missed="0" covered="1"/><counter type="METHOD" missed="0" covered="1"/></method><method name="datagramSocketClass" desc="()Ljava/lang/Class;" line="83"><counter type="INSTRUCTION" missed="0" covered="2"/><counter type="LINE" missed="0" covered="1"/><counter type="COMPLEXITY" missed="0" covered="1"/><counter type="METHOD" missed="0" covered="1"/></method><method name="datagramSocketConstructor" desc="()Lorg/newsclub/net/unix/AFDatagramSocket$Constructor;" line="88"><counter type="INSTRUCTION" missed="2" covered="0"/><counter type="LINE" missed="1" covered="0"/><counter type="COMPLEXITY" missed="1" covered="0"/><counter type="METHOD" missed="1" covered="0"/></method><method name="datagramChannelClass" desc="()Ljava/lang/Class;" line="93"><counter type="INSTRUCTION" missed="0" covered="2"/><counter type="LINE" missed="0" covered="1"/><counter type="COMPLEXITY" missed="0" covered="1"/><counter type="METHOD" missed="0" covered="1"/></method><counter type="INSTRUCTION" missed="2" covered="19"/><counter type="LINE" missed="1" covered="9"/><counter type="COMPLEXITY" missed="1" covered="9"/><counter type="METHOD" missed="1" covered="9"/><counter type="CLASS" missed="0" covered="1"/></class><class name="org/newsclub/net/unix/darwin/system/AFSYSTEMSocketFactory" sourcefilename="AFSYSTEMSocketFactory.java"><method name="&lt;init&gt;" desc="()V" line="35"><counter type="INSTRUCTION" missed="3" covered="0"/><counter type="LINE" missed="2" covered="0"/><counter type="COMPLEXITY" missed="1" covered="0"/><counter type="METHOD" missed="1" covered="0"/></method><method name="createSocket" desc="()Ljava/net/Socket;" line="40"><counter type="INSTRUCTION" missed="5" covered="0"/><counter type="LINE" missed="1" covered="0"/><counter type="COMPLEXITY" missed="1" covered="0"/><counter type="METHOD" missed="1" covered="0"/></method><method name="connectTo" desc="(Lorg/newsclub/net/unix/AFSYSTEMSocketAddress;)Lorg/newsclub/net/unix/darwin/system/AFSYSTEMSocket;" line="45"><counter type="INSTRUCTION" missed="5" covered="0"/><counter type="LINE" missed="1" covered="0"/><counter type="COMPLEXITY" missed="1" covered="0"/><counter type="METHOD" missed="1" covered="0"/></method><method name="configure" desc="(Lorg/newsclub/net/unix/darwin/system/AFSYSTEMSocket;)Lorg/newsclub/net/unix/darwin/system/AFSYSTEMSocket;" line="56"><counter type="INSTRUCTION" missed="2" covered="0"/><counter type="LINE" missed="1" covered="0"/><counter type="COMPLEXITY" missed="1" covered="0"/><counter type="METHOD" missed="1" covered="0"/></method><counter type="INSTRUCTION" missed="15" covered="0"/><counter type="LINE" missed="5" covered="0"/><counter type="COMPLEXITY" missed="4" covered="0"/><counter type="METHOD" missed="4" covered="0"/><counter type="CLASS" missed="1" covered="0"/></class><class name="org/newsclub/net/unix/darwin/system/AFSYSTEMServerSocketChannel" sourcefilename="AFSYSTEMServerSocketChannel.java"><method name="&lt;init&gt;" desc="(Lorg/newsclub/net/unix/darwin/system/AFSYSTEMServerSocket;)V" line="33"><counter type="INSTRUCTION" missed="5" covered="0"/><counter type="LINE" missed="2" covered="0"/><counter type="COMPLEXITY" missed="1" covered="0"/><counter type="METHOD" missed="1" covered="0"/></method><method name="open" desc="()Lorg/newsclub/net/unix/darwin/system/AFSYSTEMServerSocketChannel;" line="43"><counter type="INSTRUCTION" missed="3" covered="0"/><counter type="LINE" missed="1" covered="0"/><counter type="COMPLEXITY" missed="1" covered="0"/><counter type="METHOD" missed="1" covered="0"/></method><counter type="INSTRUCTION" missed="8" covered="0"/><counter type="LINE" missed="3" covered="0"/><counter type="COMPLEXITY" missed="2" covered="0"/><counter type="METHOD" missed="2" covered="0"/><counter type="CLASS" missed="1" covered="0"/></class><class name="org/newsclub/net/unix/darwin/system/AFSYSTEMProtocolFamily" sourcefilename="AFSYSTEMProtocolFamily.java"><method name="&lt;clinit&gt;" desc="()V" line="27"><counter type="INSTRUCTION" missed="9" covered="0"/><counter type="LINE" missed="2" covered="0"/><counter type="COMPLEXITY" missed="1" covered="0"/><counter type="METHOD" missed="1" covered="0"/></method><counter type="INSTRUCTION" missed="9" covered="0"/><counter type="LINE" missed="2" covered="0"/><counter type="COMPLEXITY" missed="1" covered="0"/><counter type="METHOD" missed="1" covered="0"/><counter type="CLASS" missed="1" covered="0"/></class><class name="org/newsclub/net/unix/darwin/system/IPUtil" sourcefilename="IPUtil.java"><method name="&lt;init&gt;" desc="()V" line="48"><counter type="INSTRUCTION" missed="7" covered="0"/><counter type="LINE" missed="2" covered="0"/><counter type="COMPLEXITY" missed="1" covered="0"/><counter type="METHOD" missed="1" covered="0"/></method><method name="checksumIPv4header" desc="(Ljava/nio/ByteBuffer;II)I" line="62"><counter type="INSTRUCTION" missed="0" covered="6"/><counter type="LINE" missed="0" covered="1"/><counter type="COMPLEXITY" missed="0" covered="1"/><counter type="METHOD" missed="0" covered="1"/></method><method name="checksumICMPheader" desc="(Ljava/nio/ByteBuffer;II)I" line="77"><counter type="INSTRUCTION" missed="6" covered="0"/><counter type="LINE" missed="1" covered="0"/><counter type="COMPLEXITY" missed="1" covered="0"/><counter type="METHOD" missed="1" covered="0"/></method><method name="checksumIPstyle" desc="(Ljava/nio/ByteBuffer;III)I" line="94"><counter type="INSTRUCTION" missed="5" covered="59"/><counter type="BRANCH" missed="1" covered="5"/><counter type="LINE" missed="1" covered="13"/><counter type="COMPLEXITY" missed="1" covered="3"/><counter type="METHOD" missed="0" covered="1"/></method><method name="putIPv4Header" desc="(Ljava/nio/ByteBuffer;IBII)V" line="143"><counter type="INSTRUCTION" missed="44" covered="0"/><counter type="LINE" missed="11" covered="0"/><counter type="COMPLEXITY" missed="1" covered="0"/><counter type="METHOD" missed="1" covered="0"/></method><method name="putICMPEchoResponse" desc="(Ljava/nio/ByteBuffer;SSLjava/nio/ByteBuffer;)V" line="166"><counter type="INSTRUCTION" missed="25" covered="0"/><counter type="LINE" missed="7" covered="0"/><counter type="COMPLEXITY" missed="1" covered="0"/><counter type="METHOD" missed="1" covered="0"/></method><counter type="INSTRUCTION" missed="87" covered="65"/><counter type="BRANCH" missed="1" covered="5"/><counter type="LINE" missed="22" covered="14"/><counter type="COMPLEXITY" missed="5" covered="4"/><counter type="METHOD" missed="4" covered="2"/><counter type="CLASS" missed="0" covered="1"/></class><class name="org/newsclub/net/unix/darwin/system/AFSYSTEMSelectorProvider" sourcefilename="AFSYSTEMSelectorProvider.java"><method name="getInstance" desc="()Lorg/newsclub/net/unix/darwin/system/AFSYSTEMSelectorProvider;" line="108"><counter type="INSTRUCTION" missed="0" covered="2"/><counter type="LINE" missed="0" covered="1"/><counter type="COMPLEXITY" missed="0" covered="1"/><counter type="METHOD" missed="0" covered="1"/></method><method name="provider" desc="()Lorg/newsclub/net/unix/darwin/system/AFSYSTEMSelectorProvider;" line="117"><counter type="INSTRUCTION" missed="2" covered="0"/><counter type="LINE" missed="1" covered="0"/><counter type="COMPLEXITY" missed="1" covered="0"/><counter type="METHOD" missed="1" covered="0"/></method><method name="newSocketPair" desc="(Lorg/newsclub/net/unix/AFSomeSocket;Lorg/newsclub/net/unix/AFSomeSocket;)Lorg/newsclub/net/unix/AFSocketPair;" line="129"><counter type="INSTRUCTION" missed="6" covered="0"/><counter type="LINE" missed="1" covered="0"/><counter type="COMPLEXITY" missed="1" covered="0"/><counter type="METHOD" missed="1" covered="0"/></method><method name="openSocketChannelPair" desc="()Lorg/newsclub/net/unix/darwin/system/AFSYSTEMSocketPair;" line="135"><counter type="INSTRUCTION" missed="4" covered="0"/><counter type="LINE" missed="1" covered="0"/><counter type="COMPLEXITY" missed="1" covered="0"/><counter type="METHOD" missed="1" covered="0"/></method><method name="openDatagramChannelPair" desc="()Lorg/newsclub/net/unix/darwin/system/AFSYSTEMSocketPair;" line="141"><counter type="INSTRUCTION" missed="4" covered="0"/><counter type="LINE" missed="1" covered="0"/><counter type="COMPLEXITY" missed="1" covered="0"/><counter type="METHOD" missed="1" covered="0"/></method><method name="newSocket" desc="()Lorg/newsclub/net/unix/darwin/system/AFSYSTEMSocket;" line="146"><counter type="INSTRUCTION" missed="2" covered="0"/><counter type="LINE" missed="1" covered="0"/><counter type="COMPLEXITY" missed="1" covered="0"/><counter type="METHOD" missed="1" covered="0"/></method><method name="openDatagramChannel" desc="()Lorg/newsclub/net/unix/darwin/system/AFSYSTEMDatagramChannel;" line="151"><counter type="INSTRUCTION" missed="3" covered="0"/><counter type="LINE" missed="1" covered="0"/><counter type="COMPLEXITY" missed="1" covered="0"/><counter type="METHOD" missed="1" covered="0"/></method><method name="openDatagramChannel" desc="(Ljava/net/ProtocolFamily;)Lorg/newsclub/net/unix/darwin/system/AFSYSTEMDatagramChannel;" line="156"><counter type="INSTRUCTION" missed="5" covered="0"/><counter type="LINE" missed="1" covered="0"/><counter type="COMPLEXITY" missed="1" covered="0"/><counter type="METHOD" missed="1" covered="0"/></method><method name="openServerSocketChannel" desc="()Lorg/newsclub/net/unix/darwin/system/AFSYSTEMServerSocketChannel;" line="161"><counter type="INSTRUCTION" missed="3" covered="0"/><counter type="LINE" missed="1" covered="0"/><counter type="COMPLEXITY" missed="1" covered="0"/><counter type="METHOD" missed="1" covered="0"/></method><method name="openServerSocketChannel" desc="(Ljava/net/SocketAddress;)Lorg/newsclub/net/unix/darwin/system/AFSYSTEMServerSocketChannel;" line="166"><counter type="INSTRUCTION" missed="5" covered="0"/><counter type="LINE" missed="1" covered="0"/><counter type="COMPLEXITY" missed="1" covered="0"/><counter type="METHOD" missed="1" covered="0"/></method><method name="openSocketChannel" desc="()Lorg/newsclub/net/unix/darwin/system/AFSYSTEMSocketChannel;" line="171"><counter type="INSTRUCTION" missed="4" covered="0"/><counter type="LINE" missed="1" covered="0"/><counter type="COMPLEXITY" missed="1" covered="0"/><counter type="METHOD" missed="1" covered="0"/></method><method name="openSocketChannel" desc="(Ljava/net/SocketAddress;)Lorg/newsclub/net/unix/darwin/system/AFSYSTEMSocketChannel;" line="176"><counter type="INSTRUCTION" missed="5" covered="0"/><counter type="LINE" missed="1" covered="0"/><counter type="COMPLEXITY" missed="1" covered="0"/><counter type="METHOD" missed="1" covered="0"/></method><method name="protocolFamily" desc="()Ljava/net/ProtocolFamily;" line="181"><counter type="INSTRUCTION" missed="2" covered="0"/><counter type="LINE" missed="1" covered="0"/><counter type="COMPLEXITY" missed="1" covered="0"/><counter type="METHOD" missed="1" covered="0"/></method><method name="addressFamily" desc="()Lorg/newsclub/net/unix/AFAddressFamily;" line="186"><counter type="INSTRUCTION" missed="2" covered="0"/><counter type="LINE" missed="1" covered="0"/><counter type="COMPLEXITY" missed="1" covered="0"/><counter type="METHOD" missed="1" covered="0"/></method><method name="&lt;clinit&gt;" desc="()V" line="44"><counter type="INSTRUCTION" missed="0" covered="12"/><counter type="LINE" missed="0" covered="3"/><counter type="COMPLEXITY" missed="0" covered="1"/><counter type="METHOD" missed="0" covered="1"/></method><counter type="INSTRUCTION" missed="47" covered="14"/><counter type="LINE" missed="13" covered="4"/><counter type="COMPLEXITY" missed="13" covered="2"/><counter type="METHOD" missed="13" covered="2"/><counter type="CLASS" missed="0" covered="1"/></class><class name="org/newsclub/net/unix/darwin/system/AFSYSTEMDatagramSocketImpl" sourcefilename="AFSYSTEMDatagramSocketImpl.java"><method name="&lt;init&gt;" desc="(Ljava/io/FileDescriptor;Lorg/newsclub/net/unix/AFSocketType;)V" line="29"><counter type="INSTRUCTION" missed="0" covered="6"/><counter type="LINE" missed="0" covered="2"/><counter type="COMPLEXITY" missed="0" covered="1"/><counter type="METHOD" missed="0" covered="1"/></method><counter type="INSTRUCTION" missed="0" covered="6"/><counter type="LINE" missed="0" covered="2"/><counter type="COMPLEXITY" missed="0" covered="1"/><counter type="METHOD" missed="0" covered="1"/><counter type="CLASS" missed="0" covered="1"/></class><class name="org/newsclub/net/unix/darwin/system/AFSYSTEMSocketImpl" sourcefilename="AFSYSTEMSocketImpl.java"><method name="&lt;init&gt;" desc="(Ljava/io/FileDescriptor;)V" line="28"><counter type="INSTRUCTION" missed="5" covered="0"/><counter type="LINE" missed="2" covered="0"/><counter type="COMPLEXITY" missed="1" covered="0"/><counter type="METHOD" missed="1" covered="0"/></method><method name="getOption" desc="(I)Ljava/lang/Object;" line="33"><counter type="INSTRUCTION" missed="4" covered="0"/><counter type="LINE" missed="1" covered="0"/><counter type="COMPLEXITY" missed="1" covered="0"/><counter type="METHOD" missed="1" covered="0"/></method><method name="setOption" desc="(ILjava/lang/Object;)V" line="38"><counter type="INSTRUCTION" missed="5" covered="0"/><counter type="LINE" missed="2" covered="0"/><counter type="COMPLEXITY" missed="1" covered="0"/><counter type="METHOD" missed="1" covered="0"/></method><counter type="INSTRUCTION" missed="14" covered="0"/><counter type="LINE" missed="5" covered="0"/><counter type="COMPLEXITY" missed="3" covered="0"/><counter type="METHOD" missed="3" covered="0"/><counter type="CLASS" missed="1" covered="0"/></class><class name="org/newsclub/net/unix/darwin/system/AFSYSTEMDatagramChannel" sourcefilename="AFSYSTEMDatagramChannel.java"><method name="&lt;init&gt;" desc="(Lorg/newsclub/net/unix/darwin/system/AFSYSTEMDatagramSocket;)V" line="35"><counter type="INSTRUCTION" missed="0" covered="5"/><counter type="LINE" missed="0" covered="2"/><counter type="COMPLEXITY" missed="0" covered="1"/><counter type="METHOD" missed="0" covered="1"/></method><method name="open" desc="()Lorg/newsclub/net/unix/darwin/system/AFSYSTEMDatagramChannel;" line="45"><counter type="INSTRUCTION" missed="3" covered="0"/><counter type="LINE" missed="1" covered="0"/><counter type="COMPLEXITY" missed="1" covered="0"/><counter type="METHOD" missed="1" covered="0"/></method><method name="open" desc="(Ljava/net/ProtocolFamily;)Lorg/newsclub/net/unix/darwin/system/AFSYSTEMDatagramChannel;" line="58"><counter type="INSTRUCTION" missed="4" covered="0"/><counter type="LINE" missed="1" covered="0"/><counter type="COMPLEXITY" missed="1" covered="0"/><counter type="METHOD" missed="1" covered="0"/></method><counter type="INSTRUCTION" missed="7" covered="5"/><counter type="LINE" missed="2" covered="2"/><counter type="COMPLEXITY" missed="2" covered="1"/><counter type="METHOD" missed="2" covered="1"/><counter type="CLASS" missed="0" covered="1"/></class><class name="org/newsclub/net/unix/darwin/system/AFSYSTEMSocket" sourcefilename="AFSYSTEMSocket.java"><method name="&lt;init&gt;" desc="(Ljava/io/FileDescriptor;Lorg/newsclub/net/unix/AFSocketFactory;)V" line="42"><counter type="INSTRUCTION" missed="8" covered="0"/><counter type="LINE" missed="2" covered="0"/><counter type="COMPLEXITY" missed="1" covered="0"/><counter type="METHOD" missed="1" covered="0"/></method><method name="getStaticImplExtensions" desc="()Lorg/newsclub/net/unix/AFSYSTEMSocketImplExtensions;" line="48"><counter type="INSTRUCTION" missed="14" covered="0"/><counter type="BRANCH" missed="2" covered="0"/><counter type="LINE" missed="4" covered="0"/><counter type="COMPLEXITY" missed="2" covered="0"/><counter type="METHOD" missed="1" covered="0"/></method><method name="isSupported" desc="()Z" line="70"><counter type="INSTRUCTION" missed="9" covered="0"/><counter type="BRANCH" missed="4" covered="0"/><counter type="LINE" missed="1" covered="0"/><counter type="COMPLEXITY" missed="3" covered="0"/><counter type="METHOD" missed="1" covered="0"/></method><method name="newChannel" desc="()Lorg/newsclub/net/unix/darwin/system/AFSYSTEMSocketChannel;" line="75"><counter type="INSTRUCTION" missed="5" covered="0"/><counter type="LINE" missed="1" covered="0"/><counter type="COMPLEXITY" missed="1" covered="0"/><counter type="METHOD" missed="1" covered="0"/></method><method name="newInstance" desc="()Lorg/newsclub/net/unix/darwin/system/AFSYSTEMSocket;" line="90"><counter type="INSTRUCTION" missed="6" covered="0"/><counter type="LINE" missed="1" covered="0"/><counter type="COMPLEXITY" missed="1" covered="0"/><counter type="METHOD" missed="1" covered="0"/></method><method name="newInstance" desc="(Lorg/newsclub/net/unix/darwin/system/AFSYSTEMSocketFactory;)Lorg/newsclub/net/unix/darwin/system/AFSYSTEMSocket;" line="94"><counter type="INSTRUCTION" missed="5" covered="0"/><counter type="LINE" missed="1" covered="0"/><counter type="COMPLEXITY" missed="1" covered="0"/><counter type="METHOD" missed="1" covered="0"/></method><method name="newStrictInstance" desc="()Lorg/newsclub/net/unix/darwin/system/AFSYSTEMSocket;" line="107"><counter type="INSTRUCTION" missed="6" covered="0"/><counter type="LINE" missed="1" covered="0"/><counter type="COMPLEXITY" missed="1" covered="0"/><counter type="METHOD" missed="1" covered="0"/></method><method name="connectTo" desc="(Lorg/newsclub/net/unix/AFSYSTEMSocketAddress;)Lorg/newsclub/net/unix/darwin/system/AFSYSTEMSocket;" line="118"><counter type="INSTRUCTION" missed="5" covered="0"/><counter type="LINE" missed="1" covered="0"/><counter type="COMPLEXITY" missed="1" covered="0"/><counter type="METHOD" missed="1" covered="0"/></method><method name="getChannel" desc="()Lorg/newsclub/net/unix/darwin/system/AFSYSTEMSocketChannel;" line="123"><counter type="INSTRUCTION" missed="4" covered="0"/><counter type="LINE" missed="1" covered="0"/><counter type="COMPLEXITY" missed="1" covered="0"/><counter type="METHOD" missed="1" covered="0"/></method><method name="main" desc="([Ljava/lang/String;)V" line="134"><counter type="INSTRUCTION" missed="11" covered="0"/><counter type="LINE" missed="4" covered="0"/><counter type="COMPLEXITY" missed="1" covered="0"/><counter type="METHOD" missed="1" covered="0"/></method><method name="&lt;clinit&gt;" desc="()V" line="38"><counter type="INSTRUCTION" missed="3" covered="0"/><counter type="LINE" missed="1" covered="0"/><counter type="COMPLEXITY" missed="1" covered="0"/><counter type="METHOD" missed="1" covered="0"/></method><counter type="INSTRUCTION" missed="76" covered="0"/><counter type="BRANCH" missed="6" covered="0"/><counter type="LINE" missed="18" covered="0"/><counter type="COMPLEXITY" missed="14" covered="0"/><counter type="METHOD" missed="11" covered="0"/><counter type="CLASS" missed="1" covered="0"/></class><class name="org/newsclub/net/unix/darwin/system/AFSYSTEMSocketOptions" sourcefilename="AFSYSTEMSocketOptions.java"><method name="&lt;init&gt;" desc="()V" line="29"><counter type="INSTRUCTION" missed="6" covered="0"/><counter type="LINE" missed="2" covered="0"/><counter type="COMPLEXITY" missed="1" covered="0"/><counter type="METHOD" missed="1" covered="0"/></method><counter type="INSTRUCTION" missed="6" covered="0"/><counter type="LINE" missed="2" covered="0"/><counter type="COMPLEXITY" missed="1" covered="0"/><counter type="METHOD" missed="1" covered="0"/><counter type="CLASS" missed="1" covered="0"/></class><class name="org/newsclub/net/unix/darwin/system/AFSYSTEMSocketExtensions" sourcefilename="AFSYSTEMSocketExtensions.java"/><class name="org/newsclub/net/unix/darwin/system/AFSYSTEMServerSocket" sourcefilename="AFSYSTEMServerSocket.java"><method name="&lt;init&gt;" desc="(Ljava/io/FileDescriptor;)V" line="39"><counter type="INSTRUCTION" missed="4" covered="0"/><counter type="LINE" missed="2" covered="0"/><counter type="COMPLEXITY" missed="1" covered="0"/><counter type="METHOD" missed="1" covered="0"/></method><method name="newChannel" desc="()Lorg/newsclub/net/unix/AFServerSocketChannel;" line="44"><counter type="INSTRUCTION" missed="5" covered="0"/><counter type="LINE" missed="1" covered="0"/><counter type="COMPLEXITY" missed="1" covered="0"/><counter type="METHOD" missed="1" covered="0"/></method><method name="getChannel" desc="()Lorg/newsclub/net/unix/darwin/system/AFSYSTEMServerSocketChannel;" line="49"><counter type="INSTRUCTION" missed="4" covered="0"/><counter type="LINE" missed="1" covered="0"/><counter type="COMPLEXITY" missed="1" covered="0"/><counter type="METHOD" missed="1" covered="0"/></method><method name="newInstance" desc="()Lorg/newsclub/net/unix/darwin/system/AFSYSTEMServerSocket;" line="59"><counter type="INSTRUCTION" missed="4" covered="0"/><counter type="LINE" missed="1" covered="0"/><counter type="COMPLEXITY" missed="1" covered="0"/><counter type="METHOD" missed="1" covered="0"/></method><method name="newInstance" desc="(Ljava/io/FileDescriptor;II)Lorg/newsclub/net/unix/darwin/system/AFSYSTEMServerSocket;" line="64"><counter type="INSTRUCTION" missed="7" covered="0"/><counter type="LINE" missed="1" covered="0"/><counter type="COMPLEXITY" missed="1" covered="0"/><counter type="METHOD" missed="1" covered="0"/></method><method name="bindOn" desc="(Lorg/newsclub/net/unix/AFSYSTEMSocketAddress;)Lorg/newsclub/net/unix/darwin/system/AFSYSTEMServerSocket;" line="77"><counter type="INSTRUCTION" missed="5" covered="0"/><counter type="LINE" missed="1" covered="0"/><counter type="COMPLEXITY" missed="1" covered="0"/><counter type="METHOD" missed="1" covered="0"/></method><method name="bindOn" desc="(Lorg/newsclub/net/unix/AFSYSTEMSocketAddress;Z)Lorg/newsclub/net/unix/darwin/system/AFSYSTEMServerSocket;" line="92"><counter type="INSTRUCTION" missed="6" covered="0"/><counter type="LINE" missed="1" covered="0"/><counter type="COMPLEXITY" missed="1" covered="0"/><counter type="METHOD" missed="1" covered="0"/></method><method name="forceBindOn" desc="(Lorg/newsclub/net/unix/AFSYSTEMSocketAddress;)Lorg/newsclub/net/unix/darwin/system/AFSYSTEMServerSocket;" line="106"><counter type="INSTRUCTION" missed="5" covered="0"/><counter type="LINE" missed="1" covered="0"/><counter type="COMPLEXITY" missed="1" covered="0"/><counter type="METHOD" missed="1" covered="0"/></method><method name="newImpl" desc="(Ljava/io/FileDescriptor;)Lorg/newsclub/net/unix/AFSocketImpl;" line="112"><counter type="INSTRUCTION" missed="5" covered="0"/><counter type="LINE" missed="1" covered="0"/><counter type="COMPLEXITY" missed="1" covered="0"/><counter type="METHOD" missed="1" covered="0"/></method><method name="newSocketInstance" desc="()Lorg/newsclub/net/unix/AFSocket;" line="117"><counter type="INSTRUCTION" missed="2" covered="0"/><counter type="LINE" missed="1" covered="0"/><counter type="COMPLEXITY" missed="1" covered="0"/><counter type="METHOD" missed="1" covered="0"/></method><method name="accept" desc="()Lorg/newsclub/net/unix/darwin/system/AFSYSTEMSocket;" line="122"><counter type="INSTRUCTION" missed="4" covered="0"/><counter type="LINE" missed="1" covered="0"/><counter type="COMPLEXITY" missed="1" covered="0"/><counter type="METHOD" missed="1" covered="0"/></method><counter type="INSTRUCTION" missed="51" covered="0"/><counter type="LINE" missed="12" covered="0"/><counter type="COMPLEXITY" missed="11" covered="0"/><counter type="METHOD" missed="11" covered="0"/><counter type="CLASS" missed="1" covered="0"/></class><class name="org/newsclub/net/unix/darwin/system/AFSYSTEMDatagramSocket" sourcefilename="AFSYSTEMDatagramSocket.java"><method name="&lt;init&gt;" desc="(Ljava/io/FileDescriptor;)V" line="38"><counter type="INSTRUCTION" missed="0" covered="5"/><counter type="LINE" missed="0" covered="2"/><counter type="COMPLEXITY" missed="0" covered="1"/><counter type="METHOD" missed="0" covered="1"/></method><method name="&lt;init&gt;" desc="(Ljava/io/FileDescriptor;Lorg/newsclub/net/unix/AFSocketType;)V" line="42"><counter type="INSTRUCTION" missed="0" covered="8"/><counter type="LINE" missed="0" covered="2"/><counter type="COMPLEXITY" missed="0" covered="1"/><counter type="METHOD" missed="0" covered="1"/></method><method name="newChannel" desc="()Lorg/newsclub/net/unix/darwin/system/AFSYSTEMDatagramChannel;" line="47"><counter type="INSTRUCTION" missed="0" covered="5"/><counter type="LINE" missed="0" covered="1"/><counter type="COMPLEXITY" missed="0" covered="1"/><counter type="METHOD" missed="0" covered="1"/></method><method name="newInstance" desc="()Lorg/newsclub/net/unix/darwin/system/AFSYSTEMDatagramSocket;" line="58"><counter type="INSTRUCTION" missed="0" covered="4"/><counter type="LINE" missed="0" covered="1"/><counter type="COMPLEXITY" missed="0" covered="1"/><counter type="METHOD" missed="0" covered="1"/></method><method name="newInstance" desc="(Lorg/newsclub/net/unix/AFSocketType;)Lorg/newsclub/net/unix/darwin/system/AFSYSTEMDatagramSocket;" line="69"><counter type="INSTRUCTION" missed="5" covered="0"/><counter type="LINE" missed="1" covered="0"/><counter type="COMPLEXITY" missed="1" covered="0"/><counter type="METHOD" missed="1" covered="0"/></method><method name="getChannel" desc="()Lorg/newsclub/net/unix/darwin/system/AFSYSTEMDatagramChannel;" line="76"><counter type="INSTRUCTION" missed="4" covered="0"/><counter type="LINE" missed="1" covered="0"/><counter type="COMPLEXITY" missed="1" covered="0"/><counter type="METHOD" missed="1" covered="0"/></method><method name="getImplExtensions" desc="()Lorg/newsclub/net/unix/AFSYSTEMSocketImplExtensions;" line="81"><counter type="INSTRUCTION" missed="0" covered="4"/><counter type="LINE" missed="0" covered="1"/><counter type="COMPLEXITY" missed="0" covered="1"/><counter type="METHOD" missed="0" covered="1"/></method><method name="getNodeIdentity" desc="(Ljava/lang/String;)I" line="95"><counter type="INSTRUCTION" missed="7" covered="0"/><counter type="LINE" missed="1" covered="0"/><counter type="COMPLEXITY" missed="1" covered="0"/><counter type="METHOD" missed="1" covered="0"/></method><method name="getNodeIdentity" desc="(Lorg/newsclub/net/unix/darwin/system/WellKnownKernelControlNames;)I" line="109"><counter type="INSTRUCTION" missed="5" covered="0"/><counter type="LINE" missed="1" covered="0"/><counter type="COMPLEXITY" missed="1" covered="0"/><counter type="METHOD" missed="1" covered="0"/></method><method name="lambda$newInstance$0" desc="(Lorg/newsclub/net/unix/AFSocketType;Ljava/io/FileDescriptor;)Lorg/newsclub/net/unix/AFDatagramSocket;" line="70"><counter type="INSTRUCTION" missed="6" covered="0"/><counter type="LINE" missed="1" covered="0"/><counter type="COMPLEXITY" missed="1" covered="0"/><counter type="METHOD" missed="1" covered="0"/></method><counter type="INSTRUCTION" missed="27" covered="26"/><counter type="LINE" missed="5" covered="7"/><counter type="COMPLEXITY" missed="5" covered="5"/><counter type="METHOD" missed="5" covered="5"/><counter type="CLASS" missed="0" covered="1"/></class><class name="org/newsclub/net/unix/darwin/system/AFSYSTEMSocketPair" sourcefilename="AFSYSTEMSocketPair.java"><method name="&lt;init&gt;" desc="(Lorg/newsclub/net/unix/AFSomeSocket;Lorg/newsclub/net/unix/AFSomeSocket;)V" line="39"><counter type="INSTRUCTION" missed="5" covered="0"/><counter type="LINE" missed="2" covered="0"/><counter type="COMPLEXITY" missed="1" covered="0"/><counter type="METHOD" missed="1" covered="0"/></method><method name="open" desc="()Lorg/newsclub/net/unix/darwin/system/AFSYSTEMSocketPair;" line="49"><counter type="INSTRUCTION" missed="3" covered="0"/><counter type="LINE" missed="1" covered="0"/><counter type="COMPLEXITY" missed="1" covered="0"/><counter type="METHOD" missed="1" covered="0"/></method><method name="openDatagram" desc="()Lorg/newsclub/net/unix/darwin/system/AFSYSTEMSocketPair;" line="59"><counter type="INSTRUCTION" missed="3" covered="0"/><counter type="LINE" missed="1" covered="0"/><counter type="COMPLEXITY" missed="1" covered="0"/><counter type="METHOD" missed="1" covered="0"/></method><counter type="INSTRUCTION" missed="11" covered="0"/><counter type="LINE" missed="4" covered="0"/><counter type="COMPLEXITY" missed="3" covered="0"/><counter type="METHOD" missed="3" covered="0"/><counter type="CLASS" missed="1" covered="0"/></class><class name="org/newsclub/net/unix/darwin/system/AFSYSTEMSocketChannel" sourcefilename="AFSYSTEMSocketChannel.java"><method name="&lt;init&gt;" desc="(Lorg/newsclub/net/unix/darwin/system/AFSYSTEMSocket;)V" line="31"><counter type="INSTRUCTION" missed="5" covered="0"/><counter type="LINE" missed="2" covered="0"/><counter type="COMPLEXITY" missed="1" covered="0"/><counter type="METHOD" missed="1" covered="0"/></method><counter type="INSTRUCTION" missed="5" covered="0"/><counter type="LINE" missed="2" covered="0"/><counter type="COMPLEXITY" missed="1" covered="0"/><counter type="METHOD" missed="1" covered="0"/><counter type="CLASS" missed="1" covered="0"/></class><sourcefile name="AFSYSTEMSocketFactory.java"><line nr="35" mi="2" ci="0" mb="0" cb="0"/><line nr="36" mi="1" ci="0" mb="0" cb="0"/><line nr="40" mi="5" ci="0" mb="0" cb="0"/><line nr="45" mi="5" ci="0" mb="0" cb="0"/><line nr="56" mi="2" ci="0" mb="0" cb="0"/><counter type="INSTRUCTION" missed="15" covered="0"/><counter type="LINE" missed="5" covered="0"/><counter type="COMPLEXITY" missed="4" covered="0"/><counter type="METHOD" missed="4" covered="0"/><counter type="CLASS" missed="1" covered="0"/></sourcefile><sourcefile name="AFSYSTEMDatagramChannel.java"><line nr="35" mi="0" ci="4" mb="0" cb="0"/><line nr="36" mi="0" ci="1" mb="0" cb="0"/><line nr="45" mi="3" ci="0" mb="0" cb="0"/><line nr="58" mi="4" ci="0" mb="0" cb="0"/><counter type="INSTRUCTION" missed="7" covered="5"/><counter type="LINE" missed="2" covered="2"/><counter type="COMPLEXITY" missed="2" covered="1"/><counter type="METHOD" missed="2" covered="1"/><counter type="CLASS" missed="0" covered="1"/></sourcefile><sourcefile name="WellKnownKernelControlNames.java"><line nr="33" mi="0" ci="3" mb="0" cb="0"/><line nr="44" mi="0" ci="7" mb="0" cb="0"/><line nr="54" mi="0" ci="7" mb="0" cb="0"/><line nr="62" mi="0" ci="7" mb="0" cb="0"/><line nr="67" mi="0" ci="7" mb="0" cb="0"/><line nr="72" mi="0" ci="7" mb="0" cb="0"/><line nr="77" mi="0" ci="7" mb="0" cb="0"/><line nr="82" mi="0" ci="7" mb="0" cb="0"/><line nr="87" mi="0" ci="7" mb="0" cb="0"/><line nr="92" mi="0" ci="7" mb="0" cb="0"/><line nr="97" mi="0" ci="7" mb="0" cb="0"/><line nr="102" mi="0" ci="7" mb="0" cb="0"/><line nr="107" mi="0" ci="7" mb="0" cb="0"/><line nr="112" mi="0" ci="7" mb="0" cb="0"/><line nr="117" mi="0" ci="7" mb="0" cb="0"/><line nr="122" mi="0" ci="7" mb="0" cb="0"/><line nr="127" mi="0" ci="7" mb="0" cb="0"/><line nr="132" mi="0" ci="7" mb="0" cb="0"/><line nr="137" mi="0" ci="7" mb="0" cb="0"/><line nr="142" mi="0" ci="7" mb="0" cb="0"/><line nr="147" mi="0" ci="7" mb="0" cb="0"/><line nr="152" mi="0" ci="7" mb="0" cb="0"/><line nr="157" mi="0" ci="7" mb="0" cb="0"/><line nr="162" mi="0" ci="7" mb="0" cb="0"/><line nr="174" mi="0" ci="4" mb="0" cb="0"/><line nr="175" mi="0" ci="3" mb="0" cb="0"/><line nr="176" mi="0" ci="1" mb="0" cb="0"/><line nr="184" mi="0" ci="3" mb="0" cb="0"/><counter type="INSTRUCTION" missed="0" covered="175"/><counter type="LINE" missed="0" covered="28"/><counter type="COMPLEXITY" missed="0" covered="3"/><counter type="METHOD" missed="0" covered="3"/><counter type="CLASS" missed="0" covered="1"/></sourcefile><sourcefile name="AFSYSTEMSocketPair.java"><line nr="39" mi="4" ci="0" mb="0" cb="0"/><line nr="40" mi="1" ci="0" mb="0" cb="0"/><line nr="49" mi="3" ci="0" mb="0" cb="0"/><line nr="59" mi="3" ci="0" mb="0" cb="0"/><counter type="INSTRUCTION" missed="11" covered="0"/><counter type="LINE" missed="4" covered="0"/><counter type="COMPLEXITY" missed="3" covered="0"/><counter type="METHOD" missed="3" covered="0"/><counter type="CLASS" missed="1" covered="0"/></sourcefile><sourcefile name="IPUtil.java"><line nr="48" mi="2" ci="0" mb="0" cb="0"/><line nr="49" mi="5" ci="0" mb="0" cb="0"/><line nr="62" mi="0" ci="6" mb="0" cb="0"/><line nr="77" mi="6" ci="0" mb="0" cb="0"/><line nr="94" mi="0" ci="4" mb="0" cb="0"/><line nr="95" mi="0" ci="2" mb="0" cb="0"/><line nr="97" mi="0" ci="3" mb="1" cb="1"/><line nr="98" mi="5" ci="0" mb="0" cb="0"/><line nr="107" mi="0" ci="5" mb="0" cb="0"/><line nr="109" mi="0" ci="7" mb="0" cb="2"/><line nr="110" mi="0" ci="6" mb="0" cb="0"/><line nr="112" mi="0" ci="4" mb="0" cb="0"/><line nr="114" mi="0" ci="4" mb="0" cb="0"/><line nr="115" mi="0" ci="2" mb="0" cb="2"/><line nr="117" mi="0" ci="8" mb="0" cb="0"/><line nr="121" mi="0" ci="6" mb="0" cb="0"/><line nr="124" mi="0" ci="6" mb="0" cb="0"/><line nr="126" mi="0" ci="2" mb="0" cb="0"/><line nr="143" mi="4" ci="0" mb="0" cb="0"/><line nr="144" mi="4" ci="0" mb="0" cb="0"/><line nr="145" mi="7" ci="0" mb="0" cb="0"/><line nr="146" mi="4" ci="0" mb="0" cb="0"/><line nr="147" mi="4" ci="0" mb="0" cb="0"/><line nr="148" mi="4" ci="0" mb="0" cb="0"/><line nr="149" mi="4" ci="0" mb="0" cb="0"/><line nr="150" mi="4" ci="0" mb="0" cb="0"/><line nr="151" mi="4" ci="0" mb="0" cb="0"/><line nr="152" mi="4" ci="0" mb="0" cb="0"/><line nr="154" mi="1" ci="0" mb="0" cb="0"/><line nr="166" mi="4" ci="0" mb="0" cb="0"/><line nr="167" mi="4" ci="0" mb="0" cb="0"/><line nr="168" mi="4" ci="0" mb="0" cb="0"/><line nr="169" mi="4" ci="0" mb="0" cb="0"/><line nr="170" mi="4" ci="0" mb="0" cb="0"/><line nr="171" mi="4" ci="0" mb="0" cb="0"/><line nr="172" mi="1" ci="0" mb="0" cb="0"/><counter type="INSTRUCTION" missed="87" covered="65"/><counter type="BRANCH" missed="1" covered="5"/><counter type="LINE" missed="22" covered="14"/><counter type="COMPLEXITY" missed="5" covered="4"/><counter type="METHOD" missed="4" covered="2"/><counter type="CLASS" missed="0" covered="1"/></sourcefile><sourcefile name="AFSYSTEMSocketExtensions.java"/><sourcefile name="AFSYSTEMSelectorProvider.java"><line nr="44" mi="0" ci="4" mb="0" cb="0"/><line nr="47" mi="0" ci="2" mb="0" cb="0"/><line nr="48" mi="0" ci="6" mb="0" cb="0"/><line nr="49" mi="0" ci="3" mb="0" cb="0"/><line nr="53" mi="0" ci="2" mb="0" cb="0"/><line nr="58" mi="0" ci="2" mb="0" cb="0"/><line nr="63" mi="0" ci="2" mb="0" cb="0"/><line nr="68" mi="0" ci="2" mb="0" cb="0"/><line nr="73" mi="0" ci="2" mb="0" cb="0"/><line nr="78" mi="0" ci="2" mb="0" cb="0"/><line nr="83" mi="0" ci="2" mb="0" cb="0"/><line nr="88" mi="2" ci="0" mb="0" cb="0"/><line nr="93" mi="0" ci="2" mb="0" cb="0"/><line nr="108" mi="0" ci="2" mb="0" cb="0"/><line nr="117" mi="2" ci="0" mb="0" cb="0"/><line nr="129" mi="6" ci="0" mb="0" cb="0"/><line nr="135" mi="4" ci="0" mb="0" cb="0"/><line nr="141" mi="4" ci="0" mb="0" cb="0"/><line nr="146" mi="2" ci="0" mb="0" cb="0"/><line nr="151" mi="3" ci="0" mb="0" cb="0"/><line nr="156" mi="5" ci="0" mb="0" cb="0"/><line nr="161" mi="3" ci="0" mb="0" cb="0"/><line nr="166" mi="5" ci="0" mb="0" cb="0"/><line nr="171" mi="4" ci="0" mb="0" cb="0"/><line nr="176" mi="5" ci="0" mb="0" cb="0"/><line nr="181" mi="2" ci="0" mb="0" cb="0"/><line nr="186" mi="2" ci="0" mb="0" cb="0"/><counter type="INSTRUCTION" missed="49" covered="33"/><counter type="LINE" missed="14" covered="13"/><counter type="COMPLEXITY" missed="14" covered="11"/><counter type="METHOD" missed="14" covered="11"/><counter type="CLASS" missed="0" covered="2"/></sourcefile><sourcefile name="AFSYSTEMDatagramSocket.java"><line nr="38" mi="0" ci="4" mb="0" cb="0"/><line nr="39" mi="0" ci="1" mb="0" cb="0"/><line nr="42" mi="0" ci="7" mb="0" cb="0"/><line nr="43" mi="0" ci="1" mb="0" cb="0"/><line nr="47" mi="0" ci="5" mb="0" cb="0"/><line nr="58" mi="0" ci="4" mb="0" cb="0"/><line nr="69" mi="5" ci="0" mb="0" cb="0"/><line nr="70" mi="6" ci="0" mb="0" cb="0"/><line nr="76" mi="4" ci="0" mb="0" cb="0"/><line nr="81" mi="0" ci="4" mb="0" cb="0"/><line nr="95" mi="7" ci="0" mb="0" cb="0"/><line nr="109" mi="5" ci="0" mb="0" cb="0"/><counter type="INSTRUCTION" missed="27" covered="26"/><counter type="LINE" missed="5" covered="7"/><counter type="COMPLEXITY" missed="5" covered="5"/><counter type="METHOD" missed="5" covered="5"/><counter type="CLASS" missed="0" covered="1"/></sourcefile><sourcefile name="AFSYSTEMSocketImpl.java"><line nr="28" mi="4" ci="0" mb="0" cb="0"/><line nr="29" mi="1" ci="0" mb="0" cb="0"/><line nr="33" mi="4" ci="0" mb="0" cb="0"/><line nr="38" mi="4" ci="0" mb="0" cb="0"/><line nr="39" mi="1" ci="0" mb="0" cb="0"/><counter type="INSTRUCTION" missed="14" covered="0"/><counter type="LINE" missed="5" covered="0"/><counter type="COMPLEXITY" missed="3" covered="0"/><counter type="METHOD" missed="3" covered="0"/><counter type="CLASS" missed="1" covered="0"/></sourcefile><sourcefile name="AFSYSTEMSocketOptions.java"><line nr="29" mi="2" ci="0" mb="0" cb="0"/><line nr="30" mi="4" ci="0" mb="0" cb="0"/><counter type="INSTRUCTION" missed="6" covered="0"/><counter type="LINE" missed="2" covered="0"/><counter type="COMPLEXITY" missed="1" covered="0"/><counter type="METHOD" missed="1" covered="0"/><counter type="CLASS" missed="1" covered="0"/></sourcefile><sourcefile name="AFSYSTEMProtocolFamily.java"><line nr="27" mi="3" ci="0" mb="0" cb="0"/><line nr="31" mi="6" ci="0" mb="0" cb="0"/><counter type="INSTRUCTION" missed="9" covered="0"/><counter type="LINE" missed="2" covered="0"/><counter type="COMPLEXITY" missed="1" covered="0"/><counter type="METHOD" missed="1" covered="0"/><counter type="CLASS" missed="1" covered="0"/></sourcefile><sourcefile name="AFSYSTEMDatagramSocketImpl.java"><line nr="29" mi="0" ci="5" mb="0" cb="0"/><line nr="30" mi="0" ci="1" mb="0" cb="0"/><counter type="INSTRUCTION" missed="0" covered="6"/><counter type="LINE" missed="0" covered="2"/><counter type="COMPLEXITY" missed="0" covered="1"/><counter type="METHOD" missed="0" covered="1"/><counter type="CLASS" missed="0" covered="1"/></sourcefile><sourcefile name="AFSYSTEMSocket.java"><line nr="38" mi="3" ci="0" mb="0" cb="0"/><line nr="42" mi="7" ci="0" mb="0" cb="0"/><line nr="43" mi="1" ci="0" mb="0" cb="0"/><line nr="48" mi="2" ci="0" mb="2" cb="0"/><line nr="49" mi="6" ci="0" mb="0" cb="0"/><line nr="50" mi="4" ci="0" mb="0" cb="0"/><line nr="53" mi="2" ci="0" mb="0" cb="0"/><line nr="70" mi="9" ci="0" mb="4" cb="0"/><line nr="75" mi="5" ci="0" mb="0" cb="0"/><line nr="90" mi="6" ci="0" mb="0" cb="0"/><line nr="94" mi="5" ci="0" mb="0" cb="0"/><line nr="107" mi="6" ci="0" mb="0" cb="0"/><line nr="118" mi="5" ci="0" mb="0" cb="0"/><line nr="123" mi="4" ci="0" mb="0" cb="0"/><line nr="134" mi="5" ci="0" mb="0" cb="0"/><line nr="135" mi="2" ci="0" mb="0" cb="0"/><line nr="136" mi="3" ci="0" mb="0" cb="0"/><line nr="137" mi="1" ci="0" mb="0" cb="0"/><counter type="INSTRUCTION" missed="76" covered="0"/><counter type="BRANCH" missed="6" covered="0"/><counter type="LINE" missed="18" covered="0"/><counter type="COMPLEXITY" missed="14" covered="0"/><counter type="METHOD" missed="11" covered="0"/><counter type="CLASS" missed="1" covered="0"/></sourcefile><sourcefile name="AFSYSTEMServerSocketChannel.java"><line nr="33" mi="4" ci="0" mb="0" cb="0"/><line nr="34" mi="1" ci="0" mb="0" cb="0"/><line nr="43" mi="3" ci="0" mb="0" cb="0"/><counter type="INSTRUCTION" missed="8" covered="0"/><counter type="LINE" missed="3" covered="0"/><counter type="COMPLEXITY" missed="2" covered="0"/><counter type="METHOD" missed="2" covered="0"/><counter type="CLASS" missed="1" covered="0"/></sourcefile><sourcefile name="AFSYSTEMServerSocket.java"><line nr="39" mi="3" ci="0" mb="0" cb="0"/><line nr="40" mi="1" ci="0" mb="0" cb="0"/><line nr="44" mi="5" ci="0" mb="0" cb="0"/><line nr="49" mi="4" ci="0" mb="0" cb="0"/><line nr="59" mi="4" ci="0" mb="0" cb="0"/><line nr="64" mi="7" ci="0" mb="0" cb="0"/><line nr="77" mi="5" ci="0" mb="0" cb="0"/><line nr="92" mi="6" ci="0" mb="0" cb="0"/><line nr="106" mi="5" ci="0" mb="0" cb="0"/><line nr="112" mi="5" ci="0" mb="0" cb="0"/><line nr="117" mi="2" ci="0" mb="0" cb="0"/><line nr="122" mi="4" ci="0" mb="0" cb="0"/><counter type="INSTRUCTION" missed="51" covered="0"/><counter type="LINE" missed="12" covered="0"/><counter type="COMPLEXITY" missed="11" covered="0"/><counter type="METHOD" missed="11" covered="0"/><counter type="CLASS" missed="1" covered="0"/></sourcefile><sourcefile name="AFSYSTEMSocketChannel.java"><line nr="31" mi="4" ci="0" mb="0" cb="0"/><line nr="32" mi="1" ci="0" mb="0" cb="0"/><counter type="INSTRUCTION" missed="5" covered="0"/><counter type="LINE" missed="2" covered="0"/><counter type="COMPLEXITY" missed="1" covered="0"/><counter type="METHOD" missed="1" covered="0"/><counter type="CLASS" missed="1" covered="0"/></sourcefile><counter type="INSTRUCTION" missed="365" covered="310"/><counter type="BRANCH" missed="7" covered="5"/><counter type="LINE" missed="96" covered="66"/><counter type="COMPLEXITY" missed="66" covered="25"/><counter type="METHOD" missed="62" covered="23"/><counter type="CLASS" missed="9" covered="7"/></package><counter type="INSTRUCTION" missed="365" covered="310"/><counter type="BRANCH" missed="7" covered="5"/><counter type="LINE" missed="96" covered="66"/><counter type="COMPLEXITY" missed="66" covered="25"/><counter type="METHOD" missed="62" covered="23"/><counter type="CLASS" missed="9" covered="7"/></report>